Using pre-set license
Built from '2020.3/staging' branch; Version is '2020.3.8f1 (507919d4fff5) revision 5273881'; Using compiler version '192528614'; Build Type 'Release'
OS: 'Windows 10 Home; OS build 19042.1052; Version 2009; 64bit' Language: 'en' Physical Memory: 7955 MB
BatchMode: 1, IsHumanControllingUs: 0, StartBugReporterOnCrash: 0, Is64bit: 1, IsPro: 0

 COMMAND LINE ARGUMENTS:
C:\Program Files\Unity\Hub\Editor\2020.3.8f1\Editor\Unity.exe
-adb2
-batchMode
-noUpm
-name
AssetImportWorker1
-projectPath
C:/Users/miarm/OneDrive/1.00.00.00
-logFile
Logs/AssetImportWorker1.log
-srvPort
54086
Successfully changed project path to: C:/Users/miarm/OneDrive/1.00.00.00
C:/Users/miarm/OneDrive/1.00.00.00
Using Asset Import Pipeline V2.
Refreshing native plugins compatible for Editor in 240.53 ms, found 1 plugins.
Preloading 0 native plugins for Editor in 0.00 ms.
Initialize engine version: 2020.3.8f1 (507919d4fff5)
[Subsystems] Discovering subsystems at path C:/Program Files/Unity/Hub/Editor/2020.3.8f1/Editor/Data/Resources/UnitySubsystems
[Subsystems] Discovering subsystems at path C:/Users/miarm/OneDrive/1.00.00.00/Assets
GfxDevice: creating device client; threaded=0
Direct3D:
    Version:  Direct3D 11.0 [level 11.1]
    Renderer: Intel(R) UHD Graphics (ID=0x8a56)
    Vendor:   
    VRAM:     3977 MB
    Driver:   26.20.100.8141
Initialize mono
Mono path[0] = 'C:/Program Files/Unity/Hub/Editor/2020.3.8f1/Editor/Data/Managed'
Mono path[1] = 'C:/Program Files/Unity/Hub/Editor/2020.3.8f1/Editor/Data/MonoBleedingEdge/lib/mono/unityjit'
Mono config path = 'C:/Program Files/Unity/Hub/Editor/2020.3.8f1/Editor/Data/MonoBleedingEdge/etc'
Using monoOptions --debugger-agent=transport=dt_socket,embedding=1,server=y,suspend=n,address=127.0.0.1:56468
Begin MonoManager ReloadAssembly
Registering precompiled unity dll's ...
Register platform support module: C:/Program Files/Unity/Hub/Editor/2020.3.8f1/Editor/Data/PlaybackEngines/WindowsStandaloneSupport/UnityEditor.WindowsStandalone.Extensions.dll
Registered in 0.003248 seconds.
Native extension for WindowsStandalone target not found
Refreshing native plugins compatible for Editor in 66.06 ms, found 1 plugins.
Preloading 0 native plugins for Editor in 0.00 ms.
Mono: successfully reloaded assembly
- Completed reload, in  3.716 seconds
Platform modules already initialized, skipping
Registering precompiled user dll's ...
Registered in 0.007223 seconds.
Begin MonoManager ReloadAssembly
Native extension for WindowsStandalone target not found
Refreshing native plugins compatible for Editor in 332.48 ms, found 1 plugins.
Preloading 0 native plugins for Editor in 0.00 ms.
Mono: successfully reloaded assembly
- Completed reload, in  3.463 seconds
Platform modules already initialized, skipping
========================================================================
Worker process is ready to serve import requests
Launched and connected shader compiler UnityShaderCompiler.exe after 0.09 seconds
Refreshing native plugins compatible for Editor in 0.78 ms, found 1 plugins.
Preloading 0 native plugins for Editor in 0.00 ms.
Unloading 1844 Unused Serialized files (Serialized files now loaded: 0)
System memory in use before: 87.8 MB.
System memory in use after: 87.9 MB.

Unloading 19 unused Assets to reduce memory usage. Loaded Objects now: 2293.
Total: 12.549600 ms (FindLiveObjects: 1.931900 ms CreateObjectMapping: 0.525100 ms MarkObjects: 9.928600 ms  DeleteObjects: 0.157000 ms)

========================================================================
Received Import Request.
  path: Assets/Room Sprites/DoorSprite.png
  artifactKey: Guid(469ad31f2e7f7584eb3d4129575667a7) Importer(815301076,1909f56bfc062723c751e8b465ee728b)
Start importing Assets/Room Sprites/DoorSprite.png using Guid(469ad31f2e7f7584eb3d4129575667a7) Importer(815301076,1909f56bfc062723c751e8b465ee728b)  -> (artifact id: '74e9ec19f76e6a314e2980a83066abf7') in 1.482460 seconds
  Import took 1.502355 seconds .

========================================================================
Received Import Request.
  Time since last request: 0.000707 seconds.
  path: Assets/Room Sprites/Interiors_free_32x32.png
  artifactKey: Guid(9c4ecb38c3be9774d91b1b3054389f2c) Importer(815301076,1909f56bfc062723c751e8b465ee728b)
Start importing Assets/Room Sprites/Interiors_free_32x32.png using Guid(9c4ecb38c3be9774d91b1b3054389f2c) Importer(815301076,1909f56bfc062723c751e8b465ee728b)  -> (artifact id: '90acf0733676413ccf9e41f69a079705') in 0.430398 seconds
  Import took 0.440263 seconds .

========================================================================
Received Import Request.
  Time since last request: 0.000407 seconds.
  path: Assets/Room Sprites/WashingMachine.png
  artifactKey: Guid(364e95ee90dbb894a96df6652dbc073f) Importer(815301076,1909f56bfc062723c751e8b465ee728b)
Start importing Assets/Room Sprites/WashingMachine.png using Guid(364e95ee90dbb894a96df6652dbc073f) Importer(815301076,1909f56bfc062723c751e8b465ee728b)  -> (artifact id: '49f1d38956a6f8b4a303610a04ea1681') in 0.049924 seconds
  Import took 0.061105 seconds .

========================================================================
Received Import Request.
  Time since last request: 0.000508 seconds.
  path: Assets/Room Sprites/Shelf.png
  artifactKey: Guid(5ce6ca238773b5c4bae98426a99ddb09) Importer(815301076,1909f56bfc062723c751e8b465ee728b)
Start importing Assets/Room Sprites/Shelf.png using Guid(5ce6ca238773b5c4bae98426a99ddb09) Importer(815301076,1909f56bfc062723c751e8b465ee728b)  -> (artifact id: '4fff1074b174bd5ac5875cd56ce72f10') in 0.126085 seconds
  Import took 0.139825 seconds .

========================================================================
Received Import Request.
  Time since last request: 0.000345 seconds.
  path: Assets/Room Sprites/sinkRunning.png
  artifactKey: Guid(fb8e8f3bc2002d141994572c55795485) Importer(815301076,1909f56bfc062723c751e8b465ee728b)
Start importing Assets/Room Sprites/sinkRunning.png using Guid(fb8e8f3bc2002d141994572c55795485) Importer(815301076,1909f56bfc062723c751e8b465ee728b)  -> (artifact id: 'bd19b1927518be74116951954b3e809b') in 0.144042 seconds
  Import took 0.273360 seconds .

========================================================================
Received Import Request.
  Time since last request: 0.000413 seconds.
  path: Assets/Room Sprites/sinkDirty.png
  artifactKey: Guid(77ce47d185576e44e96ed04a94203858) Importer(815301076,1909f56bfc062723c751e8b465ee728b)
Start importing Assets/Room Sprites/sinkDirty.png using Guid(77ce47d185576e44e96ed04a94203858) Importer(815301076,1909f56bfc062723c751e8b465ee728b)  -> (artifact id: 'cd25e40b5cde9cc4c1f361f7b4d0508f') in 0.053716 seconds
  Import took 0.067669 seconds .

========================================================================
Received Import Request.
  Time since last request: 0.000523 seconds.
  path: Assets/Room Sprites/OpenMachine-1.png.png
  artifactKey: Guid(ee9236802cb7f6047a61f7b93c6c42a0) Importer(815301076,1909f56bfc062723c751e8b465ee728b)
Start importing Assets/Room Sprites/OpenMachine-1.png.png using Guid(ee9236802cb7f6047a61f7b93c6c42a0) Importer(815301076,1909f56bfc062723c751e8b465ee728b)  -> (artifact id: 'f8f30fa3cb7c07229a54b80236ba6df5') in 0.077412 seconds
  Import took 0.106498 seconds .

========================================================================
Received Import Request.
  Time since last request: 0.000339 seconds.
  path: Assets/Room Sprites/SinkSprite.png
  artifactKey: Guid(61ad9d5a5cd659e47b6c1059c1125412) Importer(815301076,1909f56bfc062723c751e8b465ee728b)
Start importing Assets/Room Sprites/SinkSprite.png using Guid(61ad9d5a5cd659e47b6c1059c1125412) Importer(815301076,1909f56bfc062723c751e8b465ee728b)  -> (artifact id: '81ed2cd18de6a1cda1fee1518d7aba8e') in 0.291951 seconds
  Import took 0.306032 seconds .

========================================================================
Received Import Request.
  Time since last request: 0.000774 seconds.
  path: Assets/Room Sprites/Oven.png
  artifactKey: Guid(85e790cdcb0f83f4d96e4aa650d5fd6d) Importer(815301076,1909f56bfc062723c751e8b465ee728b)
Start importing Assets/Room Sprites/Oven.png using Guid(85e790cdcb0f83f4d96e4aa650d5fd6d) Importer(815301076,1909f56bfc062723c751e8b465ee728b)  -> (artifact id: 'b0b16cdc2c3d3a0e39d5f62efe03baa9') in 0.051858 seconds
  Import took 0.060548 seconds .

========================================================================
Received Import Request.
  Time since last request: 0.000326 seconds.
  path: Assets/Scenes/Scene 1.unity
  artifactKey: Guid(c066152d40d71cb4d853dfaa4b7147df) Importer(815301076,1909f56bfc062723c751e8b465ee728b)
Start importing Assets/Scenes/Scene 1.unity using Guid(c066152d40d71cb4d853dfaa4b7147df) Importer(815301076,1909f56bfc062723c751e8b465ee728b)  -> (artifact id: '80b9e5738d4a2239192ee7b8e370003c') in 0.019026 seconds
  Import took 0.028806 seconds .

========================================================================
Received Import Request.
  Time since last request: 0.000526 seconds.
  path: Assets/Room Sprites/RedBed.png
  artifactKey: Guid(d0527f2c5610562409339eaf4c74d2d7) Importer(815301076,1909f56bfc062723c751e8b465ee728b)
Start importing Assets/Room Sprites/RedBed.png using Guid(d0527f2c5610562409339eaf4c74d2d7) Importer(815301076,1909f56bfc062723c751e8b465ee728b)  -> (artifact id: '707ff90a4415fb7962dbddc94cbcc4e6') in 0.089787 seconds
  Import took 0.139992 seconds .

